2024-06-03 02:37:52,164 INFO <BrokerConnection node_id=bootstrap-0 host=kafka:9092 <connecting> [IPv4 ('172.22.0.2', 9092)]>: connecting to kafka:9092 [('172.22.0.2', 9092) IPv4]
2024-06-03 02:37:52,164 INFO Probing node bootstrap-0 broker version
2024-06-03 02:37:52,164 INFO <BrokerConnection node_id=bootstrap-0 host=kafka:9092 <connecting> [IPv4 ('172.22.0.2', 9092)]>: Connection complete.
2024-06-03 02:37:52,300 INFO Broker version identified as 2.3.0
2024-06-03 02:37:52,300 INFO Set configuration api_version=(2, 3, 0) to skip auto check_version requests on startup
2024-06-03 02:37:52,301 INFO Updating subscribed topics to: ('order_requests',)
2024-06-03 02:37:52,301 INFO <BrokerConnection node_id=bootstrap-0 host=kafka:9092 <connecting> [IPv4 ('172.22.0.2', 9092)]>: connecting to kafka:9092 [('172.22.0.2', 9092) IPv4]
2024-06-03 02:37:52,302 INFO Probing node bootstrap-0 broker version
2024-06-03 02:37:52,302 INFO <BrokerConnection node_id=bootstrap-0 host=kafka:9092 <connecting> [IPv4 ('172.22.0.2', 9092)]>: Connection complete.
2024-06-03 02:37:52,405 INFO Broker version identified as 2.3.0
2024-06-03 02:37:52,405 INFO Set configuration api_version=(2, 3, 0) to skip auto check_version requests on startup
2024-06-03 02:37:52,651 INFO <BrokerConnection node_id=1001 host=kafka:9092 <connecting> [IPv4 ('172.22.0.2', 9092)]>: connecting to kafka:9092 [('172.22.0.2', 9092) IPv4]
2024-06-03 02:37:52,651 INFO <BrokerConnection node_id=1001 host=kafka:9092 <connecting> [IPv4 ('172.22.0.2', 9092)]>: Connection complete.
2024-06-03 02:37:52,651 INFO <BrokerConnection node_id=bootstrap-0 host=kafka:9092 <connected> [IPv4 ('172.22.0.2', 9092)]>: Closing connection. 
2024-06-03 02:37:52,858 INFO Group coordinator for processing_group is BrokerMetadata(nodeId='coordinator-1001', host='kafka', port=9092, rack=None)
2024-06-03 02:37:52,858 INFO Discovered coordinator coordinator-1001 for group processing_group
2024-06-03 02:37:52,858 INFO Starting new heartbeat thread
2024-06-03 02:37:52,858 INFO Revoking previously assigned partitions set() for group processing_group
2024-06-03 02:37:52,859 INFO <BrokerConnection node_id=coordinator-1001 host=kafka:9092 <connecting> [IPv4 ('172.22.0.2', 9092)]>: connecting to kafka:9092 [('172.22.0.2', 9092) IPv4]
2024-06-03 02:37:52,859 INFO <BrokerConnection node_id=coordinator-1001 host=kafka:9092 <connecting> [IPv4 ('172.22.0.2', 9092)]>: Connection complete.
2024-06-03 02:37:52,959 INFO (Re-)joining group processing_group
2024-06-03 02:37:52,966 INFO Elected group leader -- performing partition assignments using range
2024-06-03 02:37:53,011 INFO Successfully joined group processing_group with generation 1
2024-06-03 02:37:53,011 INFO Updated partition assignment: [TopicPartition(topic='order_requests', partition=0), TopicPartition(topic='order_requests', partition=1), TopicPartition(topic='order_requests', partition=2), TopicPartition(topic='order_requests', partition=3), TopicPartition(topic='order_requests', partition=4)]
2024-06-03 02:37:53,011 INFO Setting newly assigned partitions {TopicPartition(topic='order_requests', partition=0), TopicPartition(topic='order_requests', partition=1), TopicPartition(topic='order_requests', partition=3), TopicPartition(topic='order_requests', partition=4), TopicPartition(topic='order_requests', partition=2)} for group processing_group
2024-06-03 02:37:54,483 INFO <BrokerConnection node_id=1001 host=kafka:9092 <connecting> [IPv4 ('172.22.0.2', 9092)]>: connecting to kafka:9092 [('172.22.0.2', 9092) IPv4]
2024-06-03 02:37:54,483 INFO <BrokerConnection node_id=1001 host=kafka:9092 <connecting> [IPv4 ('172.22.0.2', 9092)]>: Connection complete.
2024-06-03 02:37:54,483 INFO <BrokerConnection node_id=bootstrap-0 host=kafka:9092 <connected> [IPv4 ('172.22.0.2', 9092)]>: Closing connection. 
2024-06-03 02:37:54,534 INFO Processed order 21f9fc68-515e-4fd3-8b8f-9cb135ed52ca with state recibido
2024-06-03 02:37:54,582 INFO Processed order 21f9fc68-515e-4fd3-8b8f-9cb135ed52ca with state preparando
2024-06-03 02:37:54,631 INFO Processed order 21f9fc68-515e-4fd3-8b8f-9cb135ed52ca with state entregando
2024-06-03 02:37:54,681 INFO Processed order 21f9fc68-515e-4fd3-8b8f-9cb135ed52ca with state finalizado
2024-06-03 02:37:54,681 INFO Processed in 0.1988966464996338 seconds order 21f9fc68-515e-4fd3-8b8f-9cb135ed52ca
2024-06-03 02:37:54,732 INFO Processed order 5b9ebe52-6e4c-4595-9f51-621e0e9270f7 with state recibido
2024-06-03 02:37:54,780 INFO Processed order 5b9ebe52-6e4c-4595-9f51-621e0e9270f7 with state preparando
2024-06-03 02:37:54,829 INFO Processed order 5b9ebe52-6e4c-4595-9f51-621e0e9270f7 with state entregando
2024-06-03 02:37:54,878 INFO Processed order 5b9ebe52-6e4c-4595-9f51-621e0e9270f7 with state finalizado
2024-06-03 02:37:54,878 INFO Processed in 0.19473052024841309 seconds order 5b9ebe52-6e4c-4595-9f51-621e0e9270f7
2024-06-03 02:37:54,926 INFO Processed order d7dce905-d6cc-48e2-9815-8453189d5899 with state recibido
2024-06-03 02:37:54,975 INFO Processed order d7dce905-d6cc-48e2-9815-8453189d5899 with state preparando
2024-06-03 02:37:55,023 INFO Processed order d7dce905-d6cc-48e2-9815-8453189d5899 with state entregando
2024-06-03 02:37:55,071 INFO Processed order d7dce905-d6cc-48e2-9815-8453189d5899 with state finalizado
2024-06-03 02:37:55,071 INFO Processed in 0.19316768646240234 seconds order d7dce905-d6cc-48e2-9815-8453189d5899
2024-06-03 02:37:55,120 INFO Processed order 6c0ea447-b6b3-4d6d-8010-8e20ae7699aa with state recibido
2024-06-03 02:37:55,168 INFO Processed order 6c0ea447-b6b3-4d6d-8010-8e20ae7699aa with state preparando
2024-06-03 02:37:55,216 INFO Processed order 6c0ea447-b6b3-4d6d-8010-8e20ae7699aa with state entregando
2024-06-03 02:37:55,264 INFO Processed order 6c0ea447-b6b3-4d6d-8010-8e20ae7699aa with state finalizado
2024-06-03 02:37:55,264 INFO Processed in 0.19275522232055664 seconds order 6c0ea447-b6b3-4d6d-8010-8e20ae7699aa
2024-06-03 02:37:55,313 INFO Processed order 828feced-39a0-47ef-8e28-8aef43f18d10 with state recibido
2024-06-03 02:37:55,361 INFO Processed order 828feced-39a0-47ef-8e28-8aef43f18d10 with state preparando
2024-06-03 02:37:55,409 INFO Processed order 828feced-39a0-47ef-8e28-8aef43f18d10 with state entregando
2024-06-03 02:37:55,457 INFO Processed order 828feced-39a0-47ef-8e28-8aef43f18d10 with state finalizado
2024-06-03 02:37:55,458 INFO Processed in 0.19325566291809082 seconds order 828feced-39a0-47ef-8e28-8aef43f18d10
2024-06-03 02:37:55,506 INFO Processed order bde2cafc-43c8-4376-b520-50ce4b6bb703 with state recibido
2024-06-03 02:37:55,554 INFO Processed order bde2cafc-43c8-4376-b520-50ce4b6bb703 with state preparando
2024-06-03 02:37:55,602 INFO Processed order bde2cafc-43c8-4376-b520-50ce4b6bb703 with state entregando
2024-06-03 02:37:55,650 INFO Processed order bde2cafc-43c8-4376-b520-50ce4b6bb703 with state finalizado
2024-06-03 02:37:55,651 INFO Processed in 0.1929488182067871 seconds order bde2cafc-43c8-4376-b520-50ce4b6bb703
2024-06-03 02:37:55,699 INFO Processed order 61cdc2bc-7e6f-4b12-8cb3-901edb9e2db4 with state recibido
2024-06-03 02:37:55,747 INFO Processed order 61cdc2bc-7e6f-4b12-8cb3-901edb9e2db4 with state preparando
2024-06-03 02:37:55,796 INFO Processed order 61cdc2bc-7e6f-4b12-8cb3-901edb9e2db4 with state entregando
2024-06-03 02:37:55,844 INFO Processed order 61cdc2bc-7e6f-4b12-8cb3-901edb9e2db4 with state finalizado
2024-06-03 02:37:55,844 INFO Processed in 0.19321489334106445 seconds order 61cdc2bc-7e6f-4b12-8cb3-901edb9e2db4
2024-06-03 02:37:55,892 INFO Processed order efb9bf33-bbec-4f26-bd56-95aadd2538a6 with state recibido
2024-06-03 02:37:55,941 INFO Processed order efb9bf33-bbec-4f26-bd56-95aadd2538a6 with state preparando
2024-06-03 02:37:55,989 INFO Processed order efb9bf33-bbec-4f26-bd56-95aadd2538a6 with state entregando
2024-06-03 02:37:56,037 INFO Processed order efb9bf33-bbec-4f26-bd56-95aadd2538a6 with state finalizado
2024-06-03 02:37:56,037 INFO Processed in 0.19307422637939453 seconds order efb9bf33-bbec-4f26-bd56-95aadd2538a6
2024-06-03 02:37:56,085 INFO Processed order 2b172fc7-6e7b-4fbd-901c-52767b292d9f with state recibido
2024-06-03 02:37:56,134 INFO Processed order 2b172fc7-6e7b-4fbd-901c-52767b292d9f with state preparando
2024-06-03 02:37:56,183 INFO Processed order 2b172fc7-6e7b-4fbd-901c-52767b292d9f with state entregando
2024-06-03 02:37:56,231 INFO Processed order 2b172fc7-6e7b-4fbd-901c-52767b292d9f with state finalizado
2024-06-03 02:37:56,231 INFO Processed in 0.1940462589263916 seconds order 2b172fc7-6e7b-4fbd-901c-52767b292d9f
2024-06-03 02:37:56,280 INFO Processed order 05d83607-b5ce-4dd8-907b-2da49f7d4b4f with state recibido
2024-06-03 02:37:56,329 INFO Processed order 05d83607-b5ce-4dd8-907b-2da49f7d4b4f with state preparando
2024-06-03 02:37:56,376 INFO Processed order 05d83607-b5ce-4dd8-907b-2da49f7d4b4f with state entregando
2024-06-03 02:37:56,425 INFO Processed order 05d83607-b5ce-4dd8-907b-2da49f7d4b4f with state finalizado
2024-06-03 02:37:56,425 INFO Processed in 0.19422245025634766 seconds order 05d83607-b5ce-4dd8-907b-2da49f7d4b4f
2024-06-03 02:37:56,473 INFO Processed order ddfa8f15-ee6e-425a-b887-b89310efcd4b with state recibido
2024-06-03 02:37:56,521 INFO Processed order ddfa8f15-ee6e-425a-b887-b89310efcd4b with state preparando
2024-06-03 02:37:56,570 INFO Processed order ddfa8f15-ee6e-425a-b887-b89310efcd4b with state entregando
2024-06-03 02:37:56,618 INFO Processed order ddfa8f15-ee6e-425a-b887-b89310efcd4b with state finalizado
2024-06-03 02:37:56,618 INFO Processed in 0.19231724739074707 seconds order ddfa8f15-ee6e-425a-b887-b89310efcd4b
2024-06-03 02:37:56,666 INFO Processed order 50c3426e-c198-4afa-9bec-cb86c660ee95 with state recibido
2024-06-03 02:37:56,714 INFO Processed order 50c3426e-c198-4afa-9bec-cb86c660ee95 with state preparando
2024-06-03 02:37:56,762 INFO Processed order 50c3426e-c198-4afa-9bec-cb86c660ee95 with state entregando
2024-06-03 02:37:56,811 INFO Processed order 50c3426e-c198-4afa-9bec-cb86c660ee95 with state finalizado
2024-06-03 02:37:56,811 INFO Processed in 0.19303441047668457 seconds order 50c3426e-c198-4afa-9bec-cb86c660ee95
2024-06-03 02:37:56,861 INFO Processed order ba410018-80f9-4078-bac0-0bcdfa0436b6 with state recibido
2024-06-03 02:37:56,911 INFO Processed order ba410018-80f9-4078-bac0-0bcdfa0436b6 with state preparando
2024-06-03 02:37:56,960 INFO Processed order ba410018-80f9-4078-bac0-0bcdfa0436b6 with state entregando
2024-06-03 02:37:57,007 INFO Processed order ba410018-80f9-4078-bac0-0bcdfa0436b6 with state finalizado
2024-06-03 02:37:57,007 INFO Processed in 0.19628405570983887 seconds order ba410018-80f9-4078-bac0-0bcdfa0436b6
2024-06-03 02:37:57,057 INFO Processed order 7f193d16-c9c5-4cdf-9909-ac7bf37134b4 with state recibido
2024-06-03 02:37:57,105 INFO Processed order 7f193d16-c9c5-4cdf-9909-ac7bf37134b4 with state preparando
2024-06-03 02:37:57,153 INFO Processed order 7f193d16-c9c5-4cdf-9909-ac7bf37134b4 with state entregando
2024-06-03 02:37:57,201 INFO Processed order 7f193d16-c9c5-4cdf-9909-ac7bf37134b4 with state finalizado
2024-06-03 02:37:57,201 INFO Processed in 0.19352102279663086 seconds order 7f193d16-c9c5-4cdf-9909-ac7bf37134b4
2024-06-03 02:37:57,249 INFO Processed order 35e0426c-03ab-4f81-8e7a-385c4083ff07 with state recibido
2024-06-03 02:37:57,297 INFO Processed order 35e0426c-03ab-4f81-8e7a-385c4083ff07 with state preparando
2024-06-03 02:37:57,344 INFO Processed order 35e0426c-03ab-4f81-8e7a-385c4083ff07 with state entregando
2024-06-03 02:37:57,393 INFO Processed order 35e0426c-03ab-4f81-8e7a-385c4083ff07 with state finalizado
2024-06-03 02:37:57,393 INFO Processed in 0.19190287590026855 seconds order 35e0426c-03ab-4f81-8e7a-385c4083ff07
2024-06-03 02:37:57,442 INFO Processed order 55da080d-ec00-4b93-aded-b1d255e76ce0 with state recibido
2024-06-03 02:37:57,490 INFO Processed order 55da080d-ec00-4b93-aded-b1d255e76ce0 with state preparando
2024-06-03 02:37:57,538 INFO Processed order 55da080d-ec00-4b93-aded-b1d255e76ce0 with state entregando
2024-06-03 02:37:57,586 INFO Processed order 55da080d-ec00-4b93-aded-b1d255e76ce0 with state finalizado
2024-06-03 02:37:57,587 INFO Processed in 0.19335055351257324 seconds order 55da080d-ec00-4b93-aded-b1d255e76ce0
2024-06-03 02:37:57,643 INFO Processed order 12a29c09-c679-4709-94f9-ae9895c88aee with state recibido
2024-06-03 02:37:57,690 INFO Processed order 12a29c09-c679-4709-94f9-ae9895c88aee with state preparando
2024-06-03 02:37:57,738 INFO Processed order 12a29c09-c679-4709-94f9-ae9895c88aee with state entregando
2024-06-03 02:37:57,786 INFO Processed order 12a29c09-c679-4709-94f9-ae9895c88aee with state finalizado
2024-06-03 02:37:57,786 INFO Processed in 0.1911778450012207 seconds order 12a29c09-c679-4709-94f9-ae9895c88aee
2024-06-03 02:37:57,834 INFO Processed order 96957ef8-051f-479e-a075-1d47f5105ad0 with state recibido
2024-06-03 02:37:57,882 INFO Processed order 96957ef8-051f-479e-a075-1d47f5105ad0 with state preparando
2024-06-03 02:37:57,931 INFO Processed order 96957ef8-051f-479e-a075-1d47f5105ad0 with state entregando
2024-06-03 02:37:57,980 INFO Processed order 96957ef8-051f-479e-a075-1d47f5105ad0 with state finalizado
2024-06-03 02:37:57,980 INFO Processed in 0.1935122013092041 seconds order 96957ef8-051f-479e-a075-1d47f5105ad0
2024-06-03 02:37:58,027 INFO Processed order 2edf3caa-c0af-48fd-bf86-ffd23a7e7c28 with state recibido
2024-06-03 02:37:58,075 INFO Processed order 2edf3caa-c0af-48fd-bf86-ffd23a7e7c28 with state preparando
2024-06-03 02:37:58,123 INFO Processed order 2edf3caa-c0af-48fd-bf86-ffd23a7e7c28 with state entregando
2024-06-03 02:37:58,171 INFO Processed order 2edf3caa-c0af-48fd-bf86-ffd23a7e7c28 with state finalizado
2024-06-03 02:37:58,171 INFO Processed in 0.1914355754852295 seconds order 2edf3caa-c0af-48fd-bf86-ffd23a7e7c28
2024-06-03 02:37:58,220 INFO Processed order d1f9b224-df34-4655-8602-f39d035e6d1d with state recibido
2024-06-03 02:37:58,268 INFO Processed order d1f9b224-df34-4655-8602-f39d035e6d1d with state preparando
2024-06-03 02:37:58,315 INFO Processed order d1f9b224-df34-4655-8602-f39d035e6d1d with state entregando
2024-06-03 02:37:58,363 INFO Processed order d1f9b224-df34-4655-8602-f39d035e6d1d with state finalizado
2024-06-03 02:37:58,364 INFO Processed in 0.19262957572937012 seconds order d1f9b224-df34-4655-8602-f39d035e6d1d
2024-06-03 02:37:58,417 INFO Processed order 64d3c3a8-bd61-431d-821d-9d85327a2fe4 with state recibido
2024-06-03 02:37:58,466 INFO Processed order 64d3c3a8-bd61-431d-821d-9d85327a2fe4 with state preparando
2024-06-03 02:37:58,514 INFO Processed order 64d3c3a8-bd61-431d-821d-9d85327a2fe4 with state entregando
2024-06-03 02:37:58,562 INFO Processed order 64d3c3a8-bd61-431d-821d-9d85327a2fe4 with state finalizado
2024-06-03 02:37:58,563 INFO Processed in 0.19828200340270996 seconds order 64d3c3a8-bd61-431d-821d-9d85327a2fe4
2024-06-03 02:37:58,613 INFO Processed order 506a8c84-0647-4d05-a1d1-1ed0afb204b1 with state recibido
2024-06-03 02:37:58,661 INFO Processed order 506a8c84-0647-4d05-a1d1-1ed0afb204b1 with state preparando
2024-06-03 02:37:58,710 INFO Processed order 506a8c84-0647-4d05-a1d1-1ed0afb204b1 with state entregando
2024-06-03 02:37:58,760 INFO Processed order 506a8c84-0647-4d05-a1d1-1ed0afb204b1 with state finalizado
2024-06-03 02:37:58,760 INFO Processed in 0.19728994369506836 seconds order 506a8c84-0647-4d05-a1d1-1ed0afb204b1
2024-06-03 02:37:58,813 INFO Processed order 85c40172-1c07-4890-9650-cc0d92b3e8db with state recibido
2024-06-03 02:37:58,862 INFO Processed order 85c40172-1c07-4890-9650-cc0d92b3e8db with state preparando
2024-06-03 02:37:58,910 INFO Processed order 85c40172-1c07-4890-9650-cc0d92b3e8db with state entregando
2024-06-03 02:37:58,958 INFO Processed order 85c40172-1c07-4890-9650-cc0d92b3e8db with state finalizado
2024-06-03 02:37:58,958 INFO Processed in 0.19807910919189453 seconds order 85c40172-1c07-4890-9650-cc0d92b3e8db
2024-06-03 02:37:59,007 INFO Processed order f9bfcec3-d6c8-43d8-9c72-2ddcc456c8a4 with state recibido
2024-06-03 02:37:59,055 INFO Processed order f9bfcec3-d6c8-43d8-9c72-2ddcc456c8a4 with state preparando
2024-06-03 02:37:59,103 INFO Processed order f9bfcec3-d6c8-43d8-9c72-2ddcc456c8a4 with state entregando
2024-06-03 02:37:59,151 INFO Processed order f9bfcec3-d6c8-43d8-9c72-2ddcc456c8a4 with state finalizado
2024-06-03 02:37:59,151 INFO Processed in 0.19263911247253418 seconds order f9bfcec3-d6c8-43d8-9c72-2ddcc456c8a4
2024-06-03 02:37:59,199 INFO Processed order a8d872e7-9bdf-4d36-8186-d67fc305bca8 with state recibido
2024-06-03 02:37:59,247 INFO Processed order a8d872e7-9bdf-4d36-8186-d67fc305bca8 with state preparando
2024-06-03 02:37:59,295 INFO Processed order a8d872e7-9bdf-4d36-8186-d67fc305bca8 with state entregando
2024-06-03 02:37:59,342 INFO Processed order a8d872e7-9bdf-4d36-8186-d67fc305bca8 with state finalizado
2024-06-03 02:37:59,343 INFO Processed in 0.19128155708312988 seconds order a8d872e7-9bdf-4d36-8186-d67fc305bca8
2024-06-03 02:37:59,391 INFO Processed order 0e536762-f259-46c4-a2be-022d174beddf with state recibido
2024-06-03 02:37:59,438 INFO Processed order 0e536762-f259-46c4-a2be-022d174beddf with state preparando
2024-06-03 02:37:59,486 INFO Processed order 0e536762-f259-46c4-a2be-022d174beddf with state entregando
2024-06-03 02:37:59,535 INFO Processed order 0e536762-f259-46c4-a2be-022d174beddf with state finalizado
2024-06-03 02:37:59,535 INFO Processed in 0.19196605682373047 seconds order 0e536762-f259-46c4-a2be-022d174beddf
2024-06-03 02:37:59,582 INFO Processed order 7b2de201-40eb-49c0-964e-46a4a4c81901 with state recibido
2024-06-03 02:37:59,630 INFO Processed order 7b2de201-40eb-49c0-964e-46a4a4c81901 with state preparando
2024-06-03 02:37:59,678 INFO Processed order 7b2de201-40eb-49c0-964e-46a4a4c81901 with state entregando
2024-06-03 02:37:59,726 INFO Processed order 7b2de201-40eb-49c0-964e-46a4a4c81901 with state finalizado
2024-06-03 02:37:59,726 INFO Processed in 0.1912233829498291 seconds order 7b2de201-40eb-49c0-964e-46a4a4c81901
2024-06-03 02:37:59,774 INFO Processed order f6bffd23-e06b-4346-90e8-ba849a506629 with state recibido
2024-06-03 02:37:59,824 INFO Processed order f6bffd23-e06b-4346-90e8-ba849a506629 with state preparando
2024-06-03 02:37:59,873 INFO Processed order f6bffd23-e06b-4346-90e8-ba849a506629 with state entregando
2024-06-03 02:37:59,921 INFO Processed order f6bffd23-e06b-4346-90e8-ba849a506629 with state finalizado
2024-06-03 02:37:59,921 INFO Processed in 0.1952059268951416 seconds order f6bffd23-e06b-4346-90e8-ba849a506629
2024-06-03 02:37:59,969 INFO Processed order eb0be02e-4210-4cc6-900b-a790e2838e1d with state recibido
2024-06-03 02:38:00,016 INFO Processed order eb0be02e-4210-4cc6-900b-a790e2838e1d with state preparando
2024-06-03 02:38:00,065 INFO Processed order eb0be02e-4210-4cc6-900b-a790e2838e1d with state entregando
2024-06-03 02:38:00,113 INFO Processed order eb0be02e-4210-4cc6-900b-a790e2838e1d with state finalizado
2024-06-03 02:38:00,113 INFO Processed in 0.19153380393981934 seconds order eb0be02e-4210-4cc6-900b-a790e2838e1d
2024-06-03 02:38:00,162 INFO Processed order 0970a9b5-988c-4724-8ee8-27df8841f0f8 with state recibido
2024-06-03 02:38:00,213 INFO Processed order 0970a9b5-988c-4724-8ee8-27df8841f0f8 with state preparando
2024-06-03 02:38:00,260 INFO Processed order 0970a9b5-988c-4724-8ee8-27df8841f0f8 with state entregando
2024-06-03 02:38:00,314 INFO Processed order 0970a9b5-988c-4724-8ee8-27df8841f0f8 with state finalizado
2024-06-03 02:38:00,314 INFO Processed in 0.20104193687438965 seconds order 0970a9b5-988c-4724-8ee8-27df8841f0f8
2024-06-03 02:38:00,362 INFO Processed order 45e03098-9fa2-411b-b3ff-bf7e20577805 with state recibido
2024-06-03 02:38:00,410 INFO Processed order 45e03098-9fa2-411b-b3ff-bf7e20577805 with state preparando
2024-06-03 02:38:00,458 INFO Processed order 45e03098-9fa2-411b-b3ff-bf7e20577805 with state entregando
2024-06-03 02:38:00,505 INFO Processed order 45e03098-9fa2-411b-b3ff-bf7e20577805 with state finalizado
2024-06-03 02:38:00,506 INFO Processed in 0.1915121078491211 seconds order 45e03098-9fa2-411b-b3ff-bf7e20577805
2024-06-03 02:38:00,553 INFO Processed order 20a1fbde-b96d-4242-ab75-a508904cabee with state recibido
2024-06-03 02:38:00,603 INFO Processed order 20a1fbde-b96d-4242-ab75-a508904cabee with state preparando
2024-06-03 02:38:00,652 INFO Processed order 20a1fbde-b96d-4242-ab75-a508904cabee with state entregando
2024-06-03 02:38:00,700 INFO Processed order 20a1fbde-b96d-4242-ab75-a508904cabee with state finalizado
2024-06-03 02:38:00,700 INFO Processed in 0.19405126571655273 seconds order 20a1fbde-b96d-4242-ab75-a508904cabee
2024-06-03 02:38:00,747 INFO Processed order 5ec672a1-e9cf-4790-80ea-4e5a777bd1d5 with state recibido
2024-06-03 02:38:00,796 INFO Processed order 5ec672a1-e9cf-4790-80ea-4e5a777bd1d5 with state preparando
2024-06-03 02:38:00,844 INFO Processed order 5ec672a1-e9cf-4790-80ea-4e5a777bd1d5 with state entregando
2024-06-03 02:38:00,893 INFO Processed order 5ec672a1-e9cf-4790-80ea-4e5a777bd1d5 with state finalizado
2024-06-03 02:38:00,893 INFO Processed in 0.1932969093322754 seconds order 5ec672a1-e9cf-4790-80ea-4e5a777bd1d5
2024-06-03 02:38:00,941 INFO Processed order abe16e60-2fc6-4e32-abb1-ece58e8d86de with state recibido
2024-06-03 02:38:00,989 INFO Processed order abe16e60-2fc6-4e32-abb1-ece58e8d86de with state preparando
2024-06-03 02:38:01,037 INFO Processed order abe16e60-2fc6-4e32-abb1-ece58e8d86de with state entregando
2024-06-03 02:38:01,085 INFO Processed order abe16e60-2fc6-4e32-abb1-ece58e8d86de with state finalizado
2024-06-03 02:38:01,085 INFO Processed in 0.19193506240844727 seconds order abe16e60-2fc6-4e32-abb1-ece58e8d86de
2024-06-03 02:38:01,133 INFO Processed order 5468d01b-1d0b-46aa-b51c-cb73ebde905e with state recibido
2024-06-03 02:38:01,182 INFO Processed order 5468d01b-1d0b-46aa-b51c-cb73ebde905e with state preparando
2024-06-03 02:38:01,231 INFO Processed order 5468d01b-1d0b-46aa-b51c-cb73ebde905e with state entregando
2024-06-03 02:38:01,278 INFO Processed order 5468d01b-1d0b-46aa-b51c-cb73ebde905e with state finalizado
2024-06-03 02:38:01,278 INFO Processed in 0.1931750774383545 seconds order 5468d01b-1d0b-46aa-b51c-cb73ebde905e
2024-06-03 02:38:01,326 INFO Processed order 1df36b7b-3aec-4998-9458-d898984a49f0 with state recibido
2024-06-03 02:38:01,374 INFO Processed order 1df36b7b-3aec-4998-9458-d898984a49f0 with state preparando
2024-06-03 02:38:01,423 INFO Processed order 1df36b7b-3aec-4998-9458-d898984a49f0 with state entregando
2024-06-03 02:38:01,470 INFO Processed order 1df36b7b-3aec-4998-9458-d898984a49f0 with state finalizado
2024-06-03 02:38:01,470 INFO Processed in 0.19189882278442383 seconds order 1df36b7b-3aec-4998-9458-d898984a49f0
2024-06-03 02:38:01,518 INFO Processed order 5093277a-b0bf-4625-90c8-3bdb26ede9bf with state recibido
2024-06-03 02:38:01,566 INFO Processed order 5093277a-b0bf-4625-90c8-3bdb26ede9bf with state preparando
2024-06-03 02:38:01,614 INFO Processed order 5093277a-b0bf-4625-90c8-3bdb26ede9bf with state entregando
2024-06-03 02:38:01,662 INFO Processed order 5093277a-b0bf-4625-90c8-3bdb26ede9bf with state finalizado
2024-06-03 02:38:01,662 INFO Processed in 0.19157719612121582 seconds order 5093277a-b0bf-4625-90c8-3bdb26ede9bf
2024-06-03 02:38:01,710 INFO Processed order be3b2bee-8dac-436e-8fdd-a198b79b737b with state recibido
2024-06-03 02:38:01,758 INFO Processed order be3b2bee-8dac-436e-8fdd-a198b79b737b with state preparando
2024-06-03 02:38:01,806 INFO Processed order be3b2bee-8dac-436e-8fdd-a198b79b737b with state entregando
2024-06-03 02:38:01,854 INFO Processed order be3b2bee-8dac-436e-8fdd-a198b79b737b with state finalizado
2024-06-03 02:38:01,855 INFO Processed in 0.1923210620880127 seconds order be3b2bee-8dac-436e-8fdd-a198b79b737b
2024-06-03 02:38:01,902 INFO Processed order db45ce9d-21b3-4f9d-b723-33f13f71dcff with state recibido
2024-06-03 02:38:01,950 INFO Processed order db45ce9d-21b3-4f9d-b723-33f13f71dcff with state preparando
2024-06-03 02:38:01,998 INFO Processed order db45ce9d-21b3-4f9d-b723-33f13f71dcff with state entregando
2024-06-03 02:38:02,046 INFO Processed order db45ce9d-21b3-4f9d-b723-33f13f71dcff with state finalizado
2024-06-03 02:38:02,046 INFO Processed in 0.19113993644714355 seconds order db45ce9d-21b3-4f9d-b723-33f13f71dcff
2024-06-03 02:38:02,094 INFO Processed order 7e83890b-303e-46a1-9571-c4372150b3b0 with state recibido
2024-06-03 02:38:02,142 INFO Processed order 7e83890b-303e-46a1-9571-c4372150b3b0 with state preparando
2024-06-03 02:38:02,190 INFO Processed order 7e83890b-303e-46a1-9571-c4372150b3b0 with state entregando
2024-06-03 02:38:02,237 INFO Processed order 7e83890b-303e-46a1-9571-c4372150b3b0 with state finalizado
2024-06-03 02:38:02,237 INFO Processed in 0.19141459465026855 seconds order 7e83890b-303e-46a1-9571-c4372150b3b0
2024-06-03 02:38:02,285 INFO Processed order b35f3bad-44b1-44d9-9346-8bbf3108c6b7 with state recibido
2024-06-03 02:38:02,333 INFO Processed order b35f3bad-44b1-44d9-9346-8bbf3108c6b7 with state preparando
2024-06-03 02:38:02,381 INFO Processed order b35f3bad-44b1-44d9-9346-8bbf3108c6b7 with state entregando
2024-06-03 02:38:02,436 INFO Processed order b35f3bad-44b1-44d9-9346-8bbf3108c6b7 with state finalizado
2024-06-03 02:38:02,436 INFO Processed in 0.19864702224731445 seconds order b35f3bad-44b1-44d9-9346-8bbf3108c6b7
2024-06-03 02:38:02,484 INFO Processed order b7913749-e651-48d5-8a2c-1e71c54e29f6 with state recibido
2024-06-03 02:38:02,532 INFO Processed order b7913749-e651-48d5-8a2c-1e71c54e29f6 with state preparando
2024-06-03 02:38:02,580 INFO Processed order b7913749-e651-48d5-8a2c-1e71c54e29f6 with state entregando
2024-06-03 02:38:02,628 INFO Processed order b7913749-e651-48d5-8a2c-1e71c54e29f6 with state finalizado
2024-06-03 02:38:02,628 INFO Processed in 0.19184017181396484 seconds order b7913749-e651-48d5-8a2c-1e71c54e29f6
2024-06-03 02:38:02,676 INFO Processed order a3fe0810-a3c3-4134-b771-c3c7da7f5dbe with state recibido
2024-06-03 02:38:02,723 INFO Processed order a3fe0810-a3c3-4134-b771-c3c7da7f5dbe with state preparando
2024-06-03 02:38:02,771 INFO Processed order a3fe0810-a3c3-4134-b771-c3c7da7f5dbe with state entregando
2024-06-03 02:38:02,819 INFO Processed order a3fe0810-a3c3-4134-b771-c3c7da7f5dbe with state finalizado
2024-06-03 02:38:02,819 INFO Processed in 0.19073867797851562 seconds order a3fe0810-a3c3-4134-b771-c3c7da7f5dbe
2024-06-03 02:38:02,867 INFO Processed order 14a92b52-aa66-4546-9053-0bf1314b4c61 with state recibido
2024-06-03 02:38:02,914 INFO Processed order 14a92b52-aa66-4546-9053-0bf1314b4c61 with state preparando
2024-06-03 02:38:02,962 INFO Processed order 14a92b52-aa66-4546-9053-0bf1314b4c61 with state entregando
2024-06-03 02:38:03,011 INFO Processed order 14a92b52-aa66-4546-9053-0bf1314b4c61 with state finalizado
2024-06-03 02:38:03,011 INFO Processed in 0.19192075729370117 seconds order 14a92b52-aa66-4546-9053-0bf1314b4c61
2024-06-03 02:38:03,059 INFO Processed order 29f94e41-de15-4d35-bd26-4ddd7ff213d1 with state recibido
2024-06-03 02:38:03,107 INFO Processed order 29f94e41-de15-4d35-bd26-4ddd7ff213d1 with state preparando
2024-06-03 02:38:03,155 INFO Processed order 29f94e41-de15-4d35-bd26-4ddd7ff213d1 with state entregando
2024-06-03 02:38:03,202 INFO Processed order 29f94e41-de15-4d35-bd26-4ddd7ff213d1 with state finalizado
2024-06-03 02:38:03,202 INFO Processed in 0.1914973258972168 seconds order 29f94e41-de15-4d35-bd26-4ddd7ff213d1
2024-06-03 02:38:03,250 INFO Processed order 671aca63-90d5-43c9-9e6e-e70879e63a51 with state recibido
2024-06-03 02:38:03,298 INFO Processed order 671aca63-90d5-43c9-9e6e-e70879e63a51 with state preparando
2024-06-03 02:38:03,346 INFO Processed order 671aca63-90d5-43c9-9e6e-e70879e63a51 with state entregando
2024-06-03 02:38:03,393 INFO Processed order 671aca63-90d5-43c9-9e6e-e70879e63a51 with state finalizado
2024-06-03 02:38:03,393 INFO Processed in 0.19091320037841797 seconds order 671aca63-90d5-43c9-9e6e-e70879e63a51
2024-06-03 02:38:03,441 INFO Processed order 52df3076-4279-4d94-b2e7-fc95012f8f50 with state recibido
2024-06-03 02:38:03,489 INFO Processed order 52df3076-4279-4d94-b2e7-fc95012f8f50 with state preparando
2024-06-03 02:38:03,537 INFO Processed order 52df3076-4279-4d94-b2e7-fc95012f8f50 with state entregando
2024-06-03 02:38:03,584 INFO Processed order 52df3076-4279-4d94-b2e7-fc95012f8f50 with state finalizado
2024-06-03 02:38:03,584 INFO Processed in 0.1908872127532959 seconds order 52df3076-4279-4d94-b2e7-fc95012f8f50
2024-06-03 02:38:03,632 INFO Processed order 87661519-116e-49fd-8307-3edbd7b89d38 with state recibido
2024-06-03 02:38:03,680 INFO Processed order 87661519-116e-49fd-8307-3edbd7b89d38 with state preparando
2024-06-03 02:38:03,727 INFO Processed order 87661519-116e-49fd-8307-3edbd7b89d38 with state entregando
2024-06-03 02:38:03,775 INFO Processed order 87661519-116e-49fd-8307-3edbd7b89d38 with state finalizado
2024-06-03 02:38:03,775 INFO Processed in 0.1908102035522461 seconds order 87661519-116e-49fd-8307-3edbd7b89d38
2024-06-03 02:38:03,823 INFO Processed order 0878f4de-db50-4544-a24c-7afb9e73caf5 with state recibido
2024-06-03 02:38:03,871 INFO Processed order 0878f4de-db50-4544-a24c-7afb9e73caf5 with state preparando
2024-06-03 02:38:03,918 INFO Processed order 0878f4de-db50-4544-a24c-7afb9e73caf5 with state entregando
2024-06-03 02:38:03,966 INFO Processed order 0878f4de-db50-4544-a24c-7afb9e73caf5 with state finalizado
2024-06-03 02:38:03,966 INFO Processed in 0.19107294082641602 seconds order 0878f4de-db50-4544-a24c-7afb9e73caf5
2024-06-03 02:38:04,014 INFO Processed order 2a03e0ac-fa90-4b94-8216-6f671969599a with state recibido
2024-06-03 02:38:04,062 INFO Processed order 2a03e0ac-fa90-4b94-8216-6f671969599a with state preparando
2024-06-03 02:38:04,110 INFO Processed order 2a03e0ac-fa90-4b94-8216-6f671969599a with state entregando
2024-06-03 02:38:04,160 INFO Processed order 2a03e0ac-fa90-4b94-8216-6f671969599a with state finalizado
2024-06-03 02:38:04,161 INFO Processed in 0.19418573379516602 seconds order 2a03e0ac-fa90-4b94-8216-6f671969599a
2024-06-03 02:38:04,208 INFO Processed order a39a1f77-d4e5-42f4-ae81-86be8a8c2e0b with state recibido
2024-06-03 02:38:04,256 INFO Processed order a39a1f77-d4e5-42f4-ae81-86be8a8c2e0b with state preparando
2024-06-03 02:38:04,304 INFO Processed order a39a1f77-d4e5-42f4-ae81-86be8a8c2e0b with state entregando
2024-06-03 02:38:04,351 INFO Processed order a39a1f77-d4e5-42f4-ae81-86be8a8c2e0b with state finalizado
2024-06-03 02:38:04,352 INFO Processed in 0.1909801959991455 seconds order a39a1f77-d4e5-42f4-ae81-86be8a8c2e0b
2024-06-03 02:38:04,400 INFO Processed order da771359-f578-4702-adf9-852921910235 with state recibido
2024-06-03 02:38:04,447 INFO Processed order da771359-f578-4702-adf9-852921910235 with state preparando
2024-06-03 02:38:04,495 INFO Processed order da771359-f578-4702-adf9-852921910235 with state entregando
2024-06-03 02:38:04,543 INFO Processed order da771359-f578-4702-adf9-852921910235 with state finalizado
2024-06-03 02:38:04,543 INFO Processed in 0.1914377212524414 seconds order da771359-f578-4702-adf9-852921910235
2024-06-03 02:38:04,592 INFO Processed order c58cda49-2e86-4d88-ab06-3b06a2ec9b0f with state recibido
2024-06-03 02:38:04,642 INFO Processed order c58cda49-2e86-4d88-ab06-3b06a2ec9b0f with state preparando
2024-06-03 02:38:04,690 INFO Processed order c58cda49-2e86-4d88-ab06-3b06a2ec9b0f with state entregando
2024-06-03 02:38:04,738 INFO Processed order c58cda49-2e86-4d88-ab06-3b06a2ec9b0f with state finalizado
2024-06-03 02:38:04,738 INFO Processed in 0.19444537162780762 seconds order c58cda49-2e86-4d88-ab06-3b06a2ec9b0f
2024-06-03 02:38:04,785 INFO Processed order a62fe636-d308-4ba8-9c32-3ac7fa18b53e with state recibido
2024-06-03 02:38:04,833 INFO Processed order a62fe636-d308-4ba8-9c32-3ac7fa18b53e with state preparando
2024-06-03 02:38:04,881 INFO Processed order a62fe636-d308-4ba8-9c32-3ac7fa18b53e with state entregando
2024-06-03 02:38:04,929 INFO Processed order a62fe636-d308-4ba8-9c32-3ac7fa18b53e with state finalizado
2024-06-03 02:38:04,929 INFO Processed in 0.1912062168121338 seconds order a62fe636-d308-4ba8-9c32-3ac7fa18b53e
2024-06-03 02:38:04,977 INFO Processed order 231b6e26-125a-4f01-8e15-841b6c296d9c with state recibido
2024-06-03 02:38:05,024 INFO Processed order 231b6e26-125a-4f01-8e15-841b6c296d9c with state preparando
2024-06-03 02:38:05,071 INFO Processed order 231b6e26-125a-4f01-8e15-841b6c296d9c with state entregando
2024-06-03 02:38:05,119 INFO Processed order 231b6e26-125a-4f01-8e15-841b6c296d9c with state finalizado
2024-06-03 02:38:05,119 INFO Processed in 0.18973660469055176 seconds order 231b6e26-125a-4f01-8e15-841b6c296d9c
2024-06-03 02:38:05,167 INFO Processed order e6bc1e22-04f6-4d63-b6eb-3830e4d6db05 with state recibido
2024-06-03 02:38:05,216 INFO Processed order e6bc1e22-04f6-4d63-b6eb-3830e4d6db05 with state preparando
2024-06-03 02:38:05,263 INFO Processed order e6bc1e22-04f6-4d63-b6eb-3830e4d6db05 with state entregando
2024-06-03 02:38:05,312 INFO Processed order e6bc1e22-04f6-4d63-b6eb-3830e4d6db05 with state finalizado
2024-06-03 02:38:05,312 INFO Processed in 0.1927640438079834 seconds order e6bc1e22-04f6-4d63-b6eb-3830e4d6db05
2024-06-03 02:38:05,360 INFO Processed order 7a29f36c-3246-43bd-adb1-c3837c4f0738 with state recibido
2024-06-03 02:38:05,407 INFO Processed order 7a29f36c-3246-43bd-adb1-c3837c4f0738 with state preparando
2024-06-03 02:38:05,457 INFO Processed order 7a29f36c-3246-43bd-adb1-c3837c4f0738 with state entregando
2024-06-03 02:38:05,506 INFO Processed order 7a29f36c-3246-43bd-adb1-c3837c4f0738 with state finalizado
2024-06-03 02:38:05,506 INFO Processed in 0.19412684440612793 seconds order 7a29f36c-3246-43bd-adb1-c3837c4f0738
2024-06-03 02:38:05,554 INFO Processed order be6a899a-ce88-4664-a2cc-a2ba8ad2d64d with state recibido
2024-06-03 02:38:05,601 INFO Processed order be6a899a-ce88-4664-a2cc-a2ba8ad2d64d with state preparando
2024-06-03 02:38:05,649 INFO Processed order be6a899a-ce88-4664-a2cc-a2ba8ad2d64d with state entregando
2024-06-03 02:38:05,697 INFO Processed order be6a899a-ce88-4664-a2cc-a2ba8ad2d64d with state finalizado
2024-06-03 02:38:05,697 INFO Processed in 0.19076800346374512 seconds order be6a899a-ce88-4664-a2cc-a2ba8ad2d64d
2024-06-03 02:38:05,746 INFO Processed order 6e5f1675-809f-47ae-a216-60c358aac893 with state recibido
2024-06-03 02:38:05,794 INFO Processed order 6e5f1675-809f-47ae-a216-60c358aac893 with state preparando
2024-06-03 02:38:05,842 INFO Processed order 6e5f1675-809f-47ae-a216-60c358aac893 with state entregando
2024-06-03 02:38:05,890 INFO Processed order 6e5f1675-809f-47ae-a216-60c358aac893 with state finalizado
2024-06-03 02:38:05,890 INFO Processed in 0.19295835494995117 seconds order 6e5f1675-809f-47ae-a216-60c358aac893
2024-06-03 02:38:05,937 INFO Processed order fb53a6c3-3608-4767-98e6-956091d866b6 with state recibido
2024-06-03 02:38:05,985 INFO Processed order fb53a6c3-3608-4767-98e6-956091d866b6 with state preparando
2024-06-03 02:38:06,032 INFO Processed order fb53a6c3-3608-4767-98e6-956091d866b6 with state entregando
2024-06-03 02:38:06,080 INFO Processed order fb53a6c3-3608-4767-98e6-956091d866b6 with state finalizado
2024-06-03 02:38:06,080 INFO Processed in 0.18979215621948242 seconds order fb53a6c3-3608-4767-98e6-956091d866b6
2024-06-03 02:38:06,129 INFO Processed order 79d575cc-327a-4066-950f-9e236f91267d with state recibido
2024-06-03 02:38:06,176 INFO Processed order 79d575cc-327a-4066-950f-9e236f91267d with state preparando
2024-06-03 02:38:06,225 INFO Processed order 79d575cc-327a-4066-950f-9e236f91267d with state entregando
2024-06-03 02:38:06,273 INFO Processed order 79d575cc-327a-4066-950f-9e236f91267d with state finalizado
2024-06-03 02:38:06,273 INFO Processed in 0.19308710098266602 seconds order 79d575cc-327a-4066-950f-9e236f91267d
2024-06-03 02:38:06,321 INFO Processed order 874f943f-5ed1-48c2-a966-bad4ba9a42d7 with state recibido
2024-06-03 02:38:06,368 INFO Processed order 874f943f-5ed1-48c2-a966-bad4ba9a42d7 with state preparando
2024-06-03 02:38:06,415 INFO Processed order 874f943f-5ed1-48c2-a966-bad4ba9a42d7 with state entregando
2024-06-03 02:38:06,463 INFO Processed order 874f943f-5ed1-48c2-a966-bad4ba9a42d7 with state finalizado
2024-06-03 02:38:06,463 INFO Processed in 0.1897890567779541 seconds order 874f943f-5ed1-48c2-a966-bad4ba9a42d7
2024-06-03 02:38:06,510 INFO Processed order b226448e-87dd-4e21-8b8b-d038aef9fa41 with state recibido
2024-06-03 02:38:06,558 INFO Processed order b226448e-87dd-4e21-8b8b-d038aef9fa41 with state preparando
2024-06-03 02:38:06,605 INFO Processed order b226448e-87dd-4e21-8b8b-d038aef9fa41 with state entregando
2024-06-03 02:38:06,653 INFO Processed order b226448e-87dd-4e21-8b8b-d038aef9fa41 with state finalizado
2024-06-03 02:38:06,654 INFO Processed in 0.190596342086792 seconds order b226448e-87dd-4e21-8b8b-d038aef9fa41
2024-06-03 02:38:06,701 INFO Processed order 2127ad15-9867-4ebd-abb6-9a068774996e with state recibido
2024-06-03 02:38:06,749 INFO Processed order 2127ad15-9867-4ebd-abb6-9a068774996e with state preparando
2024-06-03 02:38:06,796 INFO Processed order 2127ad15-9867-4ebd-abb6-9a068774996e with state entregando
2024-06-03 02:38:06,844 INFO Processed order 2127ad15-9867-4ebd-abb6-9a068774996e with state finalizado
2024-06-03 02:38:06,844 INFO Processed in 0.19033002853393555 seconds order 2127ad15-9867-4ebd-abb6-9a068774996e
2024-06-03 02:38:06,891 INFO Processed order 008ab3d0-7ef9-4734-a349-9c9ce8193d4d with state recibido
2024-06-03 02:38:06,939 INFO Processed order 008ab3d0-7ef9-4734-a349-9c9ce8193d4d with state preparando
2024-06-03 02:38:06,987 INFO Processed order 008ab3d0-7ef9-4734-a349-9c9ce8193d4d with state entregando
2024-06-03 02:38:07,034 INFO Processed order 008ab3d0-7ef9-4734-a349-9c9ce8193d4d with state finalizado
2024-06-03 02:38:07,034 INFO Processed in 0.19015240669250488 seconds order 008ab3d0-7ef9-4734-a349-9c9ce8193d4d
2024-06-03 02:38:07,083 INFO Processed order 14f5a44f-89ed-4f8d-807a-0244477c2f23 with state recibido
2024-06-03 02:38:07,132 INFO Processed order 14f5a44f-89ed-4f8d-807a-0244477c2f23 with state preparando
2024-06-03 02:38:07,182 INFO Processed order 14f5a44f-89ed-4f8d-807a-0244477c2f23 with state entregando
2024-06-03 02:38:07,231 INFO Processed order 14f5a44f-89ed-4f8d-807a-0244477c2f23 with state finalizado
2024-06-03 02:38:07,232 INFO Processed in 0.1972346305847168 seconds order 14f5a44f-89ed-4f8d-807a-0244477c2f23
2024-06-03 02:38:07,281 INFO Processed order b2a5c86d-f87f-4eaf-8b02-136ee135bb5d with state recibido
2024-06-03 02:38:07,328 INFO Processed order b2a5c86d-f87f-4eaf-8b02-136ee135bb5d with state preparando
2024-06-03 02:38:07,375 INFO Processed order b2a5c86d-f87f-4eaf-8b02-136ee135bb5d with state entregando
2024-06-03 02:38:07,423 INFO Processed order b2a5c86d-f87f-4eaf-8b02-136ee135bb5d with state finalizado
2024-06-03 02:38:07,423 INFO Processed in 0.19091486930847168 seconds order b2a5c86d-f87f-4eaf-8b02-136ee135bb5d
2024-06-03 02:38:07,470 INFO Processed order f9d8ece1-21f4-4cf2-9125-d9bff0ee8551 with state recibido
2024-06-03 02:38:07,518 INFO Processed order f9d8ece1-21f4-4cf2-9125-d9bff0ee8551 with state preparando
2024-06-03 02:38:07,566 INFO Processed order f9d8ece1-21f4-4cf2-9125-d9bff0ee8551 with state entregando
2024-06-03 02:38:07,614 INFO Processed order f9d8ece1-21f4-4cf2-9125-d9bff0ee8551 with state finalizado
2024-06-03 02:38:07,614 INFO Processed in 0.19125056266784668 seconds order f9d8ece1-21f4-4cf2-9125-d9bff0ee8551
2024-06-03 02:38:07,668 INFO Processed order 363a7a93-0342-4d21-8942-8bdef0a50b4e with state recibido
2024-06-03 02:38:07,715 INFO Processed order 363a7a93-0342-4d21-8942-8bdef0a50b4e with state preparando
2024-06-03 02:38:07,763 INFO Processed order 363a7a93-0342-4d21-8942-8bdef0a50b4e with state entregando
2024-06-03 02:38:07,811 INFO Processed order 363a7a93-0342-4d21-8942-8bdef0a50b4e with state finalizado
2024-06-03 02:38:07,811 INFO Processed in 0.19651412963867188 seconds order 363a7a93-0342-4d21-8942-8bdef0a50b4e
2024-06-03 02:38:07,859 INFO Processed order d398562b-179d-4d62-a2d0-773e3e9793c2 with state recibido
2024-06-03 02:38:07,907 INFO Processed order d398562b-179d-4d62-a2d0-773e3e9793c2 with state preparando
2024-06-03 02:38:07,955 INFO Processed order d398562b-179d-4d62-a2d0-773e3e9793c2 with state entregando
2024-06-03 02:38:08,002 INFO Processed order d398562b-179d-4d62-a2d0-773e3e9793c2 with state finalizado
2024-06-03 02:38:08,002 INFO Processed in 0.19127893447875977 seconds order d398562b-179d-4d62-a2d0-773e3e9793c2
2024-06-03 02:38:08,051 INFO Processed order 3a5ec004-ff3f-4080-b44d-8906129d18e4 with state recibido
2024-06-03 02:38:08,098 INFO Processed order 3a5ec004-ff3f-4080-b44d-8906129d18e4 with state preparando
2024-06-03 02:38:08,147 INFO Processed order 3a5ec004-ff3f-4080-b44d-8906129d18e4 with state entregando
2024-06-03 02:38:08,194 INFO Processed order 3a5ec004-ff3f-4080-b44d-8906129d18e4 with state finalizado
2024-06-03 02:38:08,194 INFO Processed in 0.19188404083251953 seconds order 3a5ec004-ff3f-4080-b44d-8906129d18e4
2024-06-03 02:38:08,242 INFO Processed order a5f9b95b-14ac-4a0e-98ce-ec6f87a5fa98 with state recibido
2024-06-03 02:38:08,290 INFO Processed order a5f9b95b-14ac-4a0e-98ce-ec6f87a5fa98 with state preparando
2024-06-03 02:38:08,338 INFO Processed order a5f9b95b-14ac-4a0e-98ce-ec6f87a5fa98 with state entregando
2024-06-03 02:38:08,386 INFO Processed order a5f9b95b-14ac-4a0e-98ce-ec6f87a5fa98 with state finalizado
2024-06-03 02:38:08,386 INFO Processed in 0.19136977195739746 seconds order a5f9b95b-14ac-4a0e-98ce-ec6f87a5fa98
2024-06-03 02:38:08,433 INFO Processed order 6c7de629-fa29-41d7-b262-7b15c1205441 with state recibido
2024-06-03 02:38:08,481 INFO Processed order 6c7de629-fa29-41d7-b262-7b15c1205441 with state preparando
2024-06-03 02:38:08,528 INFO Processed order 6c7de629-fa29-41d7-b262-7b15c1205441 with state entregando
2024-06-03 02:38:08,576 INFO Processed order 6c7de629-fa29-41d7-b262-7b15c1205441 with state finalizado
2024-06-03 02:38:08,576 INFO Processed in 0.18997526168823242 seconds order 6c7de629-fa29-41d7-b262-7b15c1205441
2024-06-03 02:38:08,624 INFO Processed order 85bef659-d212-44e4-9af6-55883a1b5162 with state recibido
2024-06-03 02:38:08,672 INFO Processed order 85bef659-d212-44e4-9af6-55883a1b5162 with state preparando
2024-06-03 02:38:08,719 INFO Processed order 85bef659-d212-44e4-9af6-55883a1b5162 with state entregando
2024-06-03 02:38:08,772 INFO Processed order 85bef659-d212-44e4-9af6-55883a1b5162 with state finalizado
2024-06-03 02:38:08,772 INFO Processed in 0.1959848403930664 seconds order 85bef659-d212-44e4-9af6-55883a1b5162
2024-06-03 02:38:08,820 INFO Processed order 86e31549-109e-45c3-9d65-14486383174f with state recibido
2024-06-03 02:38:08,867 INFO Processed order 86e31549-109e-45c3-9d65-14486383174f with state preparando
2024-06-03 02:38:08,915 INFO Processed order 86e31549-109e-45c3-9d65-14486383174f with state entregando
2024-06-03 02:38:08,963 INFO Processed order 86e31549-109e-45c3-9d65-14486383174f with state finalizado
2024-06-03 02:38:08,963 INFO Processed in 0.19104695320129395 seconds order 86e31549-109e-45c3-9d65-14486383174f
2024-06-03 02:38:09,012 INFO Processed order c67533bf-6c6b-4c76-b3fd-9ab7e6771244 with state recibido
2024-06-03 02:38:09,066 INFO Processed order c67533bf-6c6b-4c76-b3fd-9ab7e6771244 with state preparando
2024-06-03 02:38:09,114 INFO Processed order c67533bf-6c6b-4c76-b3fd-9ab7e6771244 with state entregando
2024-06-03 02:38:09,162 INFO Processed order c67533bf-6c6b-4c76-b3fd-9ab7e6771244 with state finalizado
2024-06-03 02:38:09,162 INFO Processed in 0.1986081600189209 seconds order c67533bf-6c6b-4c76-b3fd-9ab7e6771244
2024-06-03 02:38:09,209 INFO Processed order 62a9a58b-d420-4400-b9a3-f23aaa81683d with state recibido
2024-06-03 02:38:09,257 INFO Processed order 62a9a58b-d420-4400-b9a3-f23aaa81683d with state preparando
2024-06-03 02:38:09,304 INFO Processed order 62a9a58b-d420-4400-b9a3-f23aaa81683d with state entregando
2024-06-03 02:38:09,351 INFO Processed order 62a9a58b-d420-4400-b9a3-f23aaa81683d with state finalizado
2024-06-03 02:38:09,351 INFO Processed in 0.18965721130371094 seconds order 62a9a58b-d420-4400-b9a3-f23aaa81683d
2024-06-03 02:38:09,399 INFO Processed order 8a5e48ba-422e-40a0-a40a-6a5906762063 with state recibido
2024-06-03 02:38:09,447 INFO Processed order 8a5e48ba-422e-40a0-a40a-6a5906762063 with state preparando
2024-06-03 02:38:09,495 INFO Processed order 8a5e48ba-422e-40a0-a40a-6a5906762063 with state entregando
2024-06-03 02:38:09,542 INFO Processed order 8a5e48ba-422e-40a0-a40a-6a5906762063 with state finalizado
2024-06-03 02:38:09,542 INFO Processed in 0.19069361686706543 seconds order 8a5e48ba-422e-40a0-a40a-6a5906762063
2024-06-03 02:38:09,590 INFO Processed order cdc5b910-9070-4dc5-82a8-f69868a61ff5 with state recibido
2024-06-03 02:38:09,637 INFO Processed order cdc5b910-9070-4dc5-82a8-f69868a61ff5 with state preparando
2024-06-03 02:38:09,685 INFO Processed order cdc5b910-9070-4dc5-82a8-f69868a61ff5 with state entregando
2024-06-03 02:38:09,735 INFO Processed order cdc5b910-9070-4dc5-82a8-f69868a61ff5 with state finalizado
2024-06-03 02:38:09,735 INFO Processed in 0.19246792793273926 seconds order cdc5b910-9070-4dc5-82a8-f69868a61ff5
2024-06-03 02:38:09,782 INFO Processed order d39ed29d-8498-4811-b286-20dcf5cc8228 with state recibido
2024-06-03 02:38:09,830 INFO Processed order d39ed29d-8498-4811-b286-20dcf5cc8228 with state preparando
2024-06-03 02:38:09,878 INFO Processed order d39ed29d-8498-4811-b286-20dcf5cc8228 with state entregando
2024-06-03 02:38:09,926 INFO Processed order d39ed29d-8498-4811-b286-20dcf5cc8228 with state finalizado
2024-06-03 02:38:09,927 INFO Processed in 0.1917414665222168 seconds order d39ed29d-8498-4811-b286-20dcf5cc8228
2024-06-03 02:38:09,974 INFO Processed order 9e84f7eb-4ed9-4c62-9770-ff2422510b04 with state recibido
2024-06-03 02:38:10,027 INFO Processed order 9e84f7eb-4ed9-4c62-9770-ff2422510b04 with state preparando
2024-06-03 02:38:10,077 INFO Processed order 9e84f7eb-4ed9-4c62-9770-ff2422510b04 with state entregando
2024-06-03 02:38:10,125 INFO Processed order 9e84f7eb-4ed9-4c62-9770-ff2422510b04 with state finalizado
2024-06-03 02:38:10,125 INFO Processed in 0.19840598106384277 seconds order 9e84f7eb-4ed9-4c62-9770-ff2422510b04
2024-06-03 02:38:10,172 INFO Processed order cbbce1c3-9807-47d2-8729-d5e4000909db with state recibido
2024-06-03 02:38:10,220 INFO Processed order cbbce1c3-9807-47d2-8729-d5e4000909db with state preparando
2024-06-03 02:38:10,268 INFO Processed order cbbce1c3-9807-47d2-8729-d5e4000909db with state entregando
2024-06-03 02:38:10,315 INFO Processed order cbbce1c3-9807-47d2-8729-d5e4000909db with state finalizado
2024-06-03 02:38:10,315 INFO Processed in 0.18983674049377441 seconds order cbbce1c3-9807-47d2-8729-d5e4000909db
2024-06-03 02:38:10,362 INFO Processed order 1e46996b-8bea-4905-b52e-66a5d116fbf5 with state recibido
2024-06-03 02:38:10,410 INFO Processed order 1e46996b-8bea-4905-b52e-66a5d116fbf5 with state preparando
2024-06-03 02:38:10,457 INFO Processed order 1e46996b-8bea-4905-b52e-66a5d116fbf5 with state entregando
2024-06-03 02:38:10,505 INFO Processed order 1e46996b-8bea-4905-b52e-66a5d116fbf5 with state finalizado
2024-06-03 02:38:10,505 INFO Processed in 0.18970775604248047 seconds order 1e46996b-8bea-4905-b52e-66a5d116fbf5
2024-06-03 02:38:10,552 INFO Processed order 47df07aa-163b-42b8-aad7-7f2796a3aaad with state recibido
2024-06-03 02:38:10,600 INFO Processed order 47df07aa-163b-42b8-aad7-7f2796a3aaad with state preparando
2024-06-03 02:38:10,652 INFO Processed order 47df07aa-163b-42b8-aad7-7f2796a3aaad with state entregando
2024-06-03 02:38:10,700 INFO Processed order 47df07aa-163b-42b8-aad7-7f2796a3aaad with state finalizado
2024-06-03 02:38:10,700 INFO Processed in 0.19518828392028809 seconds order 47df07aa-163b-42b8-aad7-7f2796a3aaad
2024-06-03 02:38:10,748 INFO Processed order c7ee3318-2bb8-4ab0-9121-f476d2cdca73 with state recibido
2024-06-03 02:38:10,795 INFO Processed order c7ee3318-2bb8-4ab0-9121-f476d2cdca73 with state preparando
2024-06-03 02:38:10,843 INFO Processed order c7ee3318-2bb8-4ab0-9121-f476d2cdca73 with state entregando
2024-06-03 02:38:10,895 INFO Processed order c7ee3318-2bb8-4ab0-9121-f476d2cdca73 with state finalizado
2024-06-03 02:38:10,895 INFO Processed in 0.19492387771606445 seconds order c7ee3318-2bb8-4ab0-9121-f476d2cdca73
2024-06-03 02:38:10,942 INFO Processed order 520a8374-68f5-4823-8f00-500228ebbbe9 with state recibido
2024-06-03 02:38:10,990 INFO Processed order 520a8374-68f5-4823-8f00-500228ebbbe9 with state preparando
2024-06-03 02:38:11,040 INFO Processed order 520a8374-68f5-4823-8f00-500228ebbbe9 with state entregando
2024-06-03 02:38:11,091 INFO Processed order 520a8374-68f5-4823-8f00-500228ebbbe9 with state finalizado
2024-06-03 02:38:11,091 INFO Processed in 0.19585633277893066 seconds order 520a8374-68f5-4823-8f00-500228ebbbe9
2024-06-03 02:38:11,138 INFO Processed order 0ef461c3-536d-41aa-ba9e-dd71b23ff74b with state recibido
2024-06-03 02:38:11,186 INFO Processed order 0ef461c3-536d-41aa-ba9e-dd71b23ff74b with state preparando
2024-06-03 02:38:11,233 INFO Processed order 0ef461c3-536d-41aa-ba9e-dd71b23ff74b with state entregando
2024-06-03 02:38:11,282 INFO Processed order 0ef461c3-536d-41aa-ba9e-dd71b23ff74b with state finalizado
2024-06-03 02:38:11,283 INFO Processed in 0.19156551361083984 seconds order 0ef461c3-536d-41aa-ba9e-dd71b23ff74b
2024-06-03 02:38:11,331 INFO Processed order c78540ca-1e9a-40eb-afbf-5c8dca17bd34 with state recibido
2024-06-03 02:38:11,378 INFO Processed order c78540ca-1e9a-40eb-afbf-5c8dca17bd34 with state preparando
2024-06-03 02:38:11,426 INFO Processed order c78540ca-1e9a-40eb-afbf-5c8dca17bd34 with state entregando
2024-06-03 02:38:11,474 INFO Processed order c78540ca-1e9a-40eb-afbf-5c8dca17bd34 with state finalizado
2024-06-03 02:38:11,474 INFO Processed in 0.191514253616333 seconds order c78540ca-1e9a-40eb-afbf-5c8dca17bd34
2024-06-03 02:38:11,522 INFO Processed order f9792706-f990-4f03-b1ea-77bcd938e909 with state recibido
2024-06-03 02:38:11,569 INFO Processed order f9792706-f990-4f03-b1ea-77bcd938e909 with state preparando
2024-06-03 02:38:11,617 INFO Processed order f9792706-f990-4f03-b1ea-77bcd938e909 with state entregando
2024-06-03 02:38:11,665 INFO Processed order f9792706-f990-4f03-b1ea-77bcd938e909 with state finalizado
2024-06-03 02:38:11,665 INFO Processed in 0.19060111045837402 seconds order f9792706-f990-4f03-b1ea-77bcd938e909
2024-06-03 02:38:11,713 INFO Processed order e3802ec6-35b9-4ebd-a2c2-69fa4f0f2177 with state recibido
2024-06-03 02:38:11,762 INFO Processed order e3802ec6-35b9-4ebd-a2c2-69fa4f0f2177 with state preparando
2024-06-03 02:38:11,811 INFO Processed order e3802ec6-35b9-4ebd-a2c2-69fa4f0f2177 with state entregando
2024-06-03 02:38:11,860 INFO Processed order e3802ec6-35b9-4ebd-a2c2-69fa4f0f2177 with state finalizado
2024-06-03 02:38:11,860 INFO Processed in 0.19530034065246582 seconds order e3802ec6-35b9-4ebd-a2c2-69fa4f0f2177
2024-06-03 02:38:11,912 INFO Processed order 04631dfe-c31c-40f3-97ad-92a46dbcf233 with state recibido
2024-06-03 02:38:11,960 INFO Processed order 04631dfe-c31c-40f3-97ad-92a46dbcf233 with state preparando
2024-06-03 02:38:12,007 INFO Processed order 04631dfe-c31c-40f3-97ad-92a46dbcf233 with state entregando
2024-06-03 02:38:12,055 INFO Processed order 04631dfe-c31c-40f3-97ad-92a46dbcf233 with state finalizado
2024-06-03 02:38:12,055 INFO Processed in 0.19419002532958984 seconds order 04631dfe-c31c-40f3-97ad-92a46dbcf233
2024-06-03 02:38:12,103 INFO Processed order 7a7eecd8-df0e-4b2d-baa6-342e80a95fff with state recibido
2024-06-03 02:38:12,150 INFO Processed order 7a7eecd8-df0e-4b2d-baa6-342e80a95fff with state preparando
2024-06-03 02:38:12,202 INFO Processed order 7a7eecd8-df0e-4b2d-baa6-342e80a95fff with state entregando
2024-06-03 02:38:12,250 INFO Processed order 7a7eecd8-df0e-4b2d-baa6-342e80a95fff with state finalizado
2024-06-03 02:38:12,250 INFO Processed in 0.19547319412231445 seconds order 7a7eecd8-df0e-4b2d-baa6-342e80a95fff
2024-06-03 02:38:12,298 INFO Processed order 8a686241-4372-4e6b-b0fe-d3a66565fffb with state recibido
2024-06-03 02:38:12,345 INFO Processed order 8a686241-4372-4e6b-b0fe-d3a66565fffb with state preparando
2024-06-03 02:38:12,393 INFO Processed order 8a686241-4372-4e6b-b0fe-d3a66565fffb with state entregando
2024-06-03 02:38:12,440 INFO Processed order 8a686241-4372-4e6b-b0fe-d3a66565fffb with state finalizado
2024-06-03 02:38:12,440 INFO Processed in 0.18982863426208496 seconds order 8a686241-4372-4e6b-b0fe-d3a66565fffb
2024-06-03 02:38:12,488 INFO Processed order c5598353-5f31-4acc-963b-4c2dd4eb05d0 with state recibido
2024-06-03 02:38:12,536 INFO Processed order c5598353-5f31-4acc-963b-4c2dd4eb05d0 with state preparando
2024-06-03 02:38:12,583 INFO Processed order c5598353-5f31-4acc-963b-4c2dd4eb05d0 with state entregando
2024-06-03 02:38:12,630 INFO Processed order c5598353-5f31-4acc-963b-4c2dd4eb05d0 with state finalizado
2024-06-03 02:38:12,630 INFO Processed in 0.18979644775390625 seconds order c5598353-5f31-4acc-963b-4c2dd4eb05d0
2024-06-03 02:38:12,678 INFO Processed order d4070eb9-6be5-41cb-b9a6-177e2d824dc3 with state recibido
2024-06-03 02:38:12,725 INFO Processed order d4070eb9-6be5-41cb-b9a6-177e2d824dc3 with state preparando
2024-06-03 02:38:12,775 INFO Processed order d4070eb9-6be5-41cb-b9a6-177e2d824dc3 with state entregando
2024-06-03 02:38:12,822 INFO Processed order d4070eb9-6be5-41cb-b9a6-177e2d824dc3 with state finalizado
2024-06-03 02:38:12,822 INFO Processed in 0.19210314750671387 seconds order d4070eb9-6be5-41cb-b9a6-177e2d824dc3
2024-06-03 02:38:12,870 INFO Processed order 9c5e4d50-00ce-4607-9794-ce8a3901bcc7 with state recibido
2024-06-03 02:38:12,918 INFO Processed order 9c5e4d50-00ce-4607-9794-ce8a3901bcc7 with state preparando
2024-06-03 02:38:12,965 INFO Processed order 9c5e4d50-00ce-4607-9794-ce8a3901bcc7 with state entregando
2024-06-03 02:38:13,013 INFO Processed order 9c5e4d50-00ce-4607-9794-ce8a3901bcc7 with state finalizado
2024-06-03 02:38:13,013 INFO Processed in 0.19021296501159668 seconds order 9c5e4d50-00ce-4607-9794-ce8a3901bcc7
2024-06-03 02:38:13,060 INFO Processed order 4a4f051c-80fc-44d5-b021-c30687a5b6a4 with state recibido
2024-06-03 02:38:13,108 INFO Processed order 4a4f051c-80fc-44d5-b021-c30687a5b6a4 with state preparando
2024-06-03 02:38:13,155 INFO Processed order 4a4f051c-80fc-44d5-b021-c30687a5b6a4 with state entregando
2024-06-03 02:38:13,204 INFO Processed order 4a4f051c-80fc-44d5-b021-c30687a5b6a4 with state finalizado
2024-06-03 02:38:13,204 INFO Processed in 0.19089961051940918 seconds order 4a4f051c-80fc-44d5-b021-c30687a5b6a4
2024-06-03 02:38:13,251 INFO Processed order f7cd9964-7be2-4549-8f6c-2be89f0e9490 with state recibido
2024-06-03 02:38:13,299 INFO Processed order f7cd9964-7be2-4549-8f6c-2be89f0e9490 with state preparando
2024-06-03 02:38:13,346 INFO Processed order f7cd9964-7be2-4549-8f6c-2be89f0e9490 with state entregando
2024-06-03 02:38:13,393 INFO Processed order f7cd9964-7be2-4549-8f6c-2be89f0e9490 with state finalizado
2024-06-03 02:38:13,393 INFO Processed in 0.1896655559539795 seconds order f7cd9964-7be2-4549-8f6c-2be89f0e9490
2024-06-03 02:38:13,441 INFO Processed order 0958a994-f441-4ef8-951a-023f5bbf6a67 with state recibido
2024-06-03 02:38:13,489 INFO Processed order 0958a994-f441-4ef8-951a-023f5bbf6a67 with state preparando
2024-06-03 02:38:13,538 INFO Processed order 0958a994-f441-4ef8-951a-023f5bbf6a67 with state entregando
2024-06-03 02:38:13,585 INFO Processed order 0958a994-f441-4ef8-951a-023f5bbf6a67 with state finalizado
2024-06-03 02:38:13,585 INFO Processed in 0.19179701805114746 seconds order 0958a994-f441-4ef8-951a-023f5bbf6a67
2024-06-03 02:38:13,633 INFO Processed order f8b53f07-5c3d-41f7-8a4c-1505b778ed3f with state recibido
2024-06-03 02:38:13,681 INFO Processed order f8b53f07-5c3d-41f7-8a4c-1505b778ed3f with state preparando
2024-06-03 02:38:13,730 INFO Processed order f8b53f07-5c3d-41f7-8a4c-1505b778ed3f with state entregando
2024-06-03 02:38:13,778 INFO Processed order f8b53f07-5c3d-41f7-8a4c-1505b778ed3f with state finalizado
2024-06-03 02:38:13,778 INFO Processed in 0.1924118995666504 seconds order f8b53f07-5c3d-41f7-8a4c-1505b778ed3f
